<?xml version="1.0" encoding="UTF-8"?>
<testng-results skipped="0" failed="2" ignored="0" total="8" passed="6">
  <reporter-output>
    <line>
      <![CDATA[total no of links=154]]>
    </line>
    <line>
      <![CDATA[Title is matching]]>
    </line>
    <line>
      <![CDATA[total no of links=162]]>
    </line>
    <line>
      <![CDATA[Title is matching]]>
    </line>
    <line>
      <![CDATA[total no of links=4]]>
    </line>
    <line>
      <![CDATA[total no of links=176]]>
    </line>
    <line>
      <![CDATA[Title is not matching]]>
    </line>
    <line>
      <![CDATA[Title is not matching]]>
    </line>
    <line>
      <![CDATA[total no of links=144]]>
    </line>
    <line>
      <![CDATA[Title is matching]]>
    </line>
    <line>
      <![CDATA[total no of links=162]]>
    </line>
    <line>
      <![CDATA[Title is matching]]>
    </line>
    <line>
      <![CDATA[total no of links=137]]>
    </line>
    <line>
      <![CDATA[total no of links=151]]>
    </line>
    <line>
      <![CDATA[Title is matching]]>
    </line>
    <line>
      <![CDATA[Title is matching]]>
    </line>
  </reporter-output>
  <suite name="Suite" duration-ms="111532" started-at="2018-09-07T11:31:51Z" finished-at="2018-09-07T11:33:43Z">
    <groups>
    </groups>
    <test name="chromeTest" duration-ms="110970" started-at="2018-09-07T11:31:51Z" finished-at="2018-09-07T11:33:42Z">
      <class name="scripttest.LinkedInTest">
        <test-method status="PASS" signature="launch(java.lang.String)[pri:0, instance:scripttest.LinkedInTest@6b57696f]" name="launch" is-config="true" duration-ms="11919" started-at="2018-09-07T11:32:17Z" finished-at="2018-09-07T11:32:29Z">
          <params>
            <param index="0">
              <value>
                <![CDATA[chrome]]>
              </value>
            </param>
          </params>
          <reporter-output>
          </reporter-output>
        </test-method> <!-- launch -->
        <test-method status="FAIL" signature="SearchLinked()[pri:0, instance:scripttest.LinkedInTest@6b57696f]" name="SearchLinked" duration-ms="27318" started-at="2018-09-07T11:32:29Z" finished-at="2018-09-07T11:32:56Z">
          <exception class="java.lang.AssertionError">
            <message>
              <![CDATA[expected:<Linkedn - Google Search> but was:<LinkedIn - Google Search>]]>
            </message>
            <full-stacktrace>
              <![CDATA[java.lang.AssertionError: expected:<Linkedn - Google Search> but was:<LinkedIn - Google Search>
at org.testng.AssertJUnit.assertEquals(AssertJUnit.java:101)
at org.testng.AssertJUnit.assertEquals(AssertJUnit.java:108)
at scripttest.LinkedInTest.SearchLinked(LinkedInTest.java:24)
at sun.reflect.NativeMethodAccessorImpl.invoke0(Native Method)
at sun.reflect.NativeMethodAccessorImpl.invoke(NativeMethodAccessorImpl.java:62)
at sun.reflect.DelegatingMethodAccessorImpl.invoke(DelegatingMethodAccessorImpl.java:43)
at java.lang.reflect.Method.invoke(Method.java:498)
at org.testng.internal.MethodInvocationHelper.invokeMethod(MethodInvocationHelper.java:124)
at org.testng.internal.Invoker.invokeMethod(Invoker.java:580)
at org.testng.internal.Invoker.invokeTestMethod(Invoker.java:716)
at org.testng.internal.Invoker.invokeTestMethods(Invoker.java:988)
at org.testng.internal.TestMethodWorker.invokeTestMethods(TestMethodWorker.java:125)
at org.testng.internal.TestMethodWorker.run(TestMethodWorker.java:109)
at org.testng.TestRunner.privateRun(TestRunner.java:648)
at org.testng.TestRunner.run(TestRunner.java:505)
at org.testng.SuiteRunner.runTest(SuiteRunner.java:455)
at org.testng.SuiteRunner.access$000(SuiteRunner.java:40)
at org.testng.SuiteRunner$SuiteWorker.run(SuiteRunner.java:489)
at org.testng.internal.thread.ThreadUtil$1.call(ThreadUtil.java:52)
at java.util.concurrent.FutureTask.run(FutureTask.java:266)
at java.util.concurrent.ThreadPoolExecutor.runWorker(ThreadPoolExecutor.java:1149)
at java.util.concurrent.ThreadPoolExecutor$Worker.run(ThreadPoolExecutor.java:624)
at java.lang.Thread.run(Thread.java:748)
]]>
            </full-stacktrace>
          </exception> <!-- java.lang.AssertionError -->
          <reporter-output>
            <line>
              <![CDATA[total no of links=176]]>
            </line>
            <line>
              <![CDATA[Title is not matching]]>
            </line>
          </reporter-output>
        </test-method> <!-- SearchLinked -->
        <test-method status="PASS" signature="closeBrowser()[pri:0, instance:scripttest.LinkedInTest@6b57696f]" name="closeBrowser" is-config="true" duration-ms="424" started-at="2018-09-07T11:32:56Z" finished-at="2018-09-07T11:32:57Z">
          <reporter-output>
          </reporter-output>
        </test-method> <!-- closeBrowser -->
      </class> <!-- scripttest.LinkedInTest -->
      <class name="scripttest.TwitterTest">
        <test-method status="PASS" signature="launch(java.lang.String)[pri:0, instance:scripttest.TwitterTest@58c1670b]" name="launch" is-config="true" duration-ms="18539" started-at="2018-09-07T11:31:51Z" finished-at="2018-09-07T11:32:10Z">
          <params>
            <param index="0">
              <value>
                <![CDATA[chrome]]>
              </value>
            </param>
          </params>
          <reporter-output>
          </reporter-output>
        </test-method> <!-- launch -->
        <test-method status="PASS" signature="SearchTwt()[pri:0, instance:scripttest.TwitterTest@58c1670b]" name="SearchTwt" duration-ms="6893" started-at="2018-09-07T11:32:10Z" finished-at="2018-09-07T11:32:17Z">
          <reporter-output>
            <line>
              <![CDATA[total no of links=162]]>
            </line>
            <line>
              <![CDATA[Title is matching]]>
            </line>
          </reporter-output>
        </test-method> <!-- SearchTwt -->
        <test-method status="PASS" signature="closeBrowser()[pri:0, instance:scripttest.TwitterTest@58c1670b]" name="closeBrowser" is-config="true" duration-ms="504" started-at="2018-09-07T11:32:17Z" finished-at="2018-09-07T11:32:17Z">
          <reporter-output>
          </reporter-output>
        </test-method> <!-- closeBrowser -->
      </class> <!-- scripttest.TwitterTest -->
      <class name="scripttest.InstagramTest">
        <test-method status="PASS" signature="launch(java.lang.String)[pri:0, instance:scripttest.InstagramTest@5bb21b69]" name="launch" is-config="true" duration-ms="15526" started-at="2018-09-07T11:32:57Z" finished-at="2018-09-07T11:33:12Z">
          <params>
            <param index="0">
              <value>
                <![CDATA[chrome]]>
              </value>
            </param>
          </params>
          <reporter-output>
          </reporter-output>
        </test-method> <!-- launch -->
        <test-method status="PASS" signature="SearchInsta()[pri:0, instance:scripttest.InstagramTest@5bb21b69]" name="SearchInsta" duration-ms="7355" started-at="2018-09-07T11:33:12Z" finished-at="2018-09-07T11:33:20Z">
          <reporter-output>
            <line>
              <![CDATA[total no of links=162]]>
            </line>
            <line>
              <![CDATA[Title is matching]]>
            </line>
          </reporter-output>
        </test-method> <!-- SearchInsta -->
        <test-method status="PASS" signature="closeBrowser()[pri:0, instance:scripttest.InstagramTest@5bb21b69]" name="closeBrowser" is-config="true" duration-ms="461" started-at="2018-09-07T11:33:20Z" finished-at="2018-09-07T11:33:20Z">
          <reporter-output>
          </reporter-output>
        </test-method> <!-- closeBrowser -->
      </class> <!-- scripttest.InstagramTest -->
      <class name="scripttest.FacebookTest">
        <test-method status="PASS" signature="launch(java.lang.String)[pri:0, instance:scripttest.FacebookTest@6b9651f3]" name="launch" is-config="true" duration-ms="14243" started-at="2018-09-07T11:33:20Z" finished-at="2018-09-07T11:33:34Z">
          <params>
            <param index="0">
              <value>
                <![CDATA[chrome]]>
              </value>
            </param>
          </params>
          <reporter-output>
          </reporter-output>
        </test-method> <!-- launch -->
        <test-method status="PASS" signature="SearchFb()[pri:0, instance:scripttest.FacebookTest@6b9651f3]" name="SearchFb" duration-ms="7031" started-at="2018-09-07T11:33:34Z" finished-at="2018-09-07T11:33:41Z">
          <reporter-output>
            <line>
              <![CDATA[total no of links=151]]>
            </line>
            <line>
              <![CDATA[Title is matching]]>
            </line>
          </reporter-output>
        </test-method> <!-- SearchFb -->
        <test-method status="PASS" signature="closeBrowser()[pri:0, instance:scripttest.FacebookTest@6b9651f3]" name="closeBrowser" is-config="true" duration-ms="677" started-at="2018-09-07T11:33:41Z" finished-at="2018-09-07T11:33:42Z">
          <reporter-output>
          </reporter-output>
        </test-method> <!-- closeBrowser -->
      </class> <!-- scripttest.FacebookTest -->
    </test> <!-- chromeTest -->
    <test name="firefoxTest" duration-ms="111532" started-at="2018-09-07T11:31:51Z" finished-at="2018-09-07T11:33:43Z">
      <class name="scripttest.LinkedInTest">
        <test-method status="PASS" signature="launch(java.lang.String)[pri:0, instance:scripttest.LinkedInTest@76a3e297]" name="launch" is-config="true" duration-ms="15184" started-at="2018-09-07T11:32:16Z" finished-at="2018-09-07T11:32:31Z">
          <params>
            <param index="0">
              <value>
                <![CDATA[firefox]]>
              </value>
            </param>
          </params>
          <reporter-output>
          </reporter-output>
        </test-method> <!-- launch -->
        <test-method status="FAIL" signature="SearchLinked()[pri:0, instance:scripttest.LinkedInTest@76a3e297]" name="SearchLinked" duration-ms="22761" started-at="2018-09-07T11:32:31Z" finished-at="2018-09-07T11:32:54Z">
          <exception class="java.lang.AssertionError">
            <message>
              <![CDATA[expected:<Linkedn - Google Search> but was:<LinkedIn - Google Search>]]>
            </message>
            <full-stacktrace>
              <![CDATA[java.lang.AssertionError: expected:<Linkedn - Google Search> but was:<LinkedIn - Google Search>
at org.testng.AssertJUnit.assertEquals(AssertJUnit.java:101)
at org.testng.AssertJUnit.assertEquals(AssertJUnit.java:108)
at scripttest.LinkedInTest.SearchLinked(LinkedInTest.java:24)
at sun.reflect.NativeMethodAccessorImpl.invoke0(Native Method)
at sun.reflect.NativeMethodAccessorImpl.invoke(NativeMethodAccessorImpl.java:62)
at sun.reflect.DelegatingMethodAccessorImpl.invoke(DelegatingMethodAccessorImpl.java:43)
at java.lang.reflect.Method.invoke(Method.java:498)
at org.testng.internal.MethodInvocationHelper.invokeMethod(MethodInvocationHelper.java:124)
at org.testng.internal.Invoker.invokeMethod(Invoker.java:580)
at org.testng.internal.Invoker.invokeTestMethod(Invoker.java:716)
at org.testng.internal.Invoker.invokeTestMethods(Invoker.java:988)
at org.testng.internal.TestMethodWorker.invokeTestMethods(TestMethodWorker.java:125)
at org.testng.internal.TestMethodWorker.run(TestMethodWorker.java:109)
at org.testng.TestRunner.privateRun(TestRunner.java:648)
at org.testng.TestRunner.run(TestRunner.java:505)
at org.testng.SuiteRunner.runTest(SuiteRunner.java:455)
at org.testng.SuiteRunner.access$000(SuiteRunner.java:40)
at org.testng.SuiteRunner$SuiteWorker.run(SuiteRunner.java:489)
at org.testng.internal.thread.ThreadUtil$1.call(ThreadUtil.java:52)
at java.util.concurrent.FutureTask.run(FutureTask.java:266)
at java.util.concurrent.ThreadPoolExecutor.runWorker(ThreadPoolExecutor.java:1149)
at java.util.concurrent.ThreadPoolExecutor$Worker.run(ThreadPoolExecutor.java:624)
at java.lang.Thread.run(Thread.java:748)
]]>
            </full-stacktrace>
          </exception> <!-- java.lang.AssertionError -->
          <reporter-output>
            <line>
              <![CDATA[total no of links=4]]>
            </line>
            <line>
              <![CDATA[Title is not matching]]>
            </line>
          </reporter-output>
        </test-method> <!-- SearchLinked -->
        <test-method status="PASS" signature="closeBrowser()[pri:0, instance:scripttest.LinkedInTest@76a3e297]" name="closeBrowser" is-config="true" duration-ms="431" started-at="2018-09-07T11:32:54Z" finished-at="2018-09-07T11:32:54Z">
          <reporter-output>
          </reporter-output>
        </test-method> <!-- closeBrowser -->
      </class> <!-- scripttest.LinkedInTest -->
      <class name="scripttest.TwitterTest">
        <test-method status="PASS" signature="launch(java.lang.String)[pri:0, instance:scripttest.TwitterTest@3aeaafa6]" name="launch" is-config="true" duration-ms="19823" started-at="2018-09-07T11:31:51Z" finished-at="2018-09-07T11:32:11Z">
          <params>
            <param index="0">
              <value>
                <![CDATA[firefox]]>
              </value>
            </param>
          </params>
          <reporter-output>
          </reporter-output>
        </test-method> <!-- launch -->
        <test-method status="PASS" signature="SearchTwt()[pri:0, instance:scripttest.TwitterTest@3aeaafa6]" name="SearchTwt" duration-ms="4451" started-at="2018-09-07T11:32:11Z" finished-at="2018-09-07T11:32:15Z">
          <reporter-output>
            <line>
              <![CDATA[total no of links=154]]>
            </line>
            <line>
              <![CDATA[Title is matching]]>
            </line>
          </reporter-output>
        </test-method> <!-- SearchTwt -->
        <test-method status="PASS" signature="closeBrowser()[pri:0, instance:scripttest.TwitterTest@3aeaafa6]" name="closeBrowser" is-config="true" duration-ms="410" started-at="2018-09-07T11:32:16Z" finished-at="2018-09-07T11:32:16Z">
          <reporter-output>
          </reporter-output>
        </test-method> <!-- closeBrowser -->
      </class> <!-- scripttest.TwitterTest -->
      <class name="scripttest.FacebookTest">
        <test-method status="PASS" signature="launch(java.lang.String)[pri:0, instance:scripttest.FacebookTest@ed9d034]" name="launch" is-config="true" duration-ms="19710" started-at="2018-09-07T11:33:16Z" finished-at="2018-09-07T11:33:36Z">
          <params>
            <param index="0">
              <value>
                <![CDATA[firefox]]>
              </value>
            </param>
          </params>
          <reporter-output>
          </reporter-output>
        </test-method> <!-- launch -->
        <test-method status="PASS" signature="SearchFb()[pri:0, instance:scripttest.FacebookTest@ed9d034]" name="SearchFb" duration-ms="6123" started-at="2018-09-07T11:33:36Z" finished-at="2018-09-07T11:33:42Z">
          <reporter-output>
            <line>
              <![CDATA[total no of links=137]]>
            </line>
            <line>
              <![CDATA[Title is matching]]>
            </line>
          </reporter-output>
        </test-method> <!-- SearchFb -->
        <test-method status="PASS" signature="closeBrowser()[pri:0, instance:scripttest.FacebookTest@ed9d034]" name="closeBrowser" is-config="true" duration-ms="425" started-at="2018-09-07T11:33:42Z" finished-at="2018-09-07T11:33:43Z">
          <reporter-output>
          </reporter-output>
        </test-method> <!-- closeBrowser -->
      </class> <!-- scripttest.FacebookTest -->
      <class name="scripttest.InstagramTest">
        <test-method status="PASS" signature="launch(java.lang.String)[pri:0, instance:scripttest.InstagramTest@4d3167f4]" name="launch" is-config="true" duration-ms="17065" started-at="2018-09-07T11:32:54Z" finished-at="2018-09-07T11:33:11Z">
          <params>
            <param index="0">
              <value>
                <![CDATA[firefox]]>
              </value>
            </param>
          </params>
          <reporter-output>
          </reporter-output>
        </test-method> <!-- launch -->
        <test-method status="PASS" signature="SearchInsta()[pri:0, instance:scripttest.InstagramTest@4d3167f4]" name="SearchInsta" duration-ms="4655" started-at="2018-09-07T11:33:11Z" finished-at="2018-09-07T11:33:16Z">
          <reporter-output>
            <line>
              <![CDATA[total no of links=144]]>
            </line>
            <line>
              <![CDATA[Title is matching]]>
            </line>
          </reporter-output>
        </test-method> <!-- SearchInsta -->
        <test-method status="PASS" signature="closeBrowser()[pri:0, instance:scripttest.InstagramTest@4d3167f4]" name="closeBrowser" is-config="true" duration-ms="413" started-at="2018-09-07T11:33:16Z" finished-at="2018-09-07T11:33:16Z">
          <reporter-output>
          </reporter-output>
        </test-method> <!-- closeBrowser -->
      </class> <!-- scripttest.InstagramTest -->
    </test> <!-- firefoxTest -->
  </suite> <!-- Suite -->
</testng-results>
