<?xml version="1.0" encoding="UTF-8"?>
<!-- Generated by org.testng.reporters.JUnitXMLReporter -->
<testsuite hostname="DESKTOP-A6IQGUP" ignored="0" name="chromeTest" tests="4" failures="0" timestamp="12 Sep 2018 08:23:45 GMT" time="91.016" errors="0">
  <testcase name="SearchTwt" time="6.014" classname="scripttest.TwitterTest"/>
  <testcase name="SearchLinked" time="7.598" classname="scripttest.LinkedInTest"/>
  <testcase name="SearchInsta" time="6.082" classname="scripttest.InstagramTest"/>
  <testcase name="SearchFb" time="6.951" classname="scripttest.FacebookTest"/>
</testsuite> <!-- chromeTest -->
