<?xml version="1.0" encoding="UTF-8"?>
<!-- Generated by org.testng.reporters.JUnitXMLReporter -->
<testsuite hostname="DESKTOP-A6IQGUP" ignored="0" name="firefoxTest" tests="4" failures="0" timestamp="12 Sep 2018 08:23:57 GMT" time="103.193" errors="0">
  <testcase name="SearchTwt" time="7.026" classname="scripttest.TwitterTest"/>
  <testcase name="SearchLinked" time="4.454" classname="scripttest.LinkedInTest"/>
  <testcase name="SearchInsta" time="3.981" classname="scripttest.InstagramTest"/>
  <testcase name="SearchFb" time="4.565" classname="scripttest.FacebookTest"/>
</testsuite> <!-- firefoxTest -->
