<?xml version="1.0" encoding="UTF-8"?>
<!-- Generated by org.testng.reporters.JUnitXMLReporter -->
<testsuite hostname="DESKTOP-A6IQGUP" ignored="0" name="chromeTest" tests="4" failures="1" timestamp="07 Sep 2018 11:33:42 GMT" time="110.97" errors="0">
  <testcase name="SearchTwt" time="6.893" classname="scripttest.TwitterTest"/>
  <testcase name="SearchLinked" time="27.318" classname="scripttest.LinkedInTest">
    <failure type="java.lang.AssertionError" message="expected:&amp;lt;Linkedn - Google Search&amp;gt; but was:&amp;lt;LinkedIn - Google Search&amp;gt;">
      <![CDATA[java.lang.AssertionError: expected:<Linkedn - Google Search> but was:<LinkedIn - Google Search>
at scripttest.LinkedInTest.SearchLinked(LinkedInTest.java:24)
at java.util.concurrent.FutureTask.run(FutureTask.java:266)
at java.util.concurrent.ThreadPoolExecutor.runWorker(ThreadPoolExecutor.java:1149)
at java.util.concurrent.ThreadPoolExecutor$Worker.run(ThreadPoolExecutor.java:624)
at java.lang.Thread.run(Thread.java:748)
... Removed 18 stack frames]]>
    </failure>
  </testcase> <!-- SearchLinked -->
  <testcase name="SearchInsta" time="7.355" classname="scripttest.InstagramTest"/>
  <testcase name="SearchFb" time="7.031" classname="scripttest.FacebookTest"/>
</testsuite> <!-- chromeTest -->
